rm: cannot remove `/rfs/sanders/tmpPbPb2018': No such file or directory
rm: cannot remove `/rfs/sanders/EPPbPb2018.root': No such file or directory
rm: cannot remove `tmp.lis': No such file or directory

Processing EPCalib/EPCalib.C+(1,600000,"/rfs/sanders/tmp/tmpPbPb2018","/rfs/sanders/tmp/EPPbPb2018.root","/rfs/sanders/tmp/foffPbPb2018.root")...
Info in <TUnixSystem::ACLiC>: creating shared library /home/sanders/PbPb_2018_default/MoveFlatParamsToDB/./EPCalib/EPCalib_C.so
In file included from /cvmfs/cms.cern.ch/slc6_amd64_gcc700/cms/cmssw/CMSSW_10_3_1/src/FWCore/Framework/interface/EDConsumerBase.h:31:0,
                 from /cvmfs/cms.cern.ch/slc6_amd64_gcc700/cms/cmssw/CMSSW_10_3_1/src/FWCore/Framework/interface/EDProducer.h:13,
                 from /home/sanders/PbPb_2018_default/MoveFlatParamsToDB/./EPCalib/HiEvtPlaneFlatten.h:8,
                 from /home/sanders/PbPb_2018_default/MoveFlatParamsToDB/./EPCalib/EPCalib.C:12,
                 from /home/sanders/PbPb_2018_default/MoveFlatParamsToDB/./EPCalib/EPCalib_C_ACLiC_dict.cxx:40:
/cvmfs/cms.cern.ch/slc6_amd64_gcc700/cms/cmssw/CMSSW_10_3_1/src/FWCore/Utilities/interface/InputTag.h:61:45: warning: 'cms::thread_guard' scoped attribute directive ignored [-Wattributes]
     CMS_THREAD_GUARD(index_) mutable TypeID typeID_;
                                             ^~~~~~~
/cvmfs/cms.cern.ch/slc6_amd64_gcc700/cms/cmssw/CMSSW_10_3_1/src/FWCore/Utilities/interface/InputTag.h:62:50: warning: 'cms::thread_guard' scoped attribute directive ignored [-Wattributes]
     CMS_THREAD_GUARD(index_) mutable void const* productRegistry_;
                                                  ^~~~~~~~~~~~~~~~
/cvmfs/cms.cern.ch/slc6_amd64_gcc700/cms/cmssw/CMSSW_10_3_1/src/FWCore/Utilities/interface/InputTag.h:66:43: warning: 'cms::thread_guard' scoped attribute directive ignored [-Wattributes]
     CMS_THREAD_GUARD(index_) mutable char branchType_;
                                           ^~~~~~~~~~~
In file included from /cvmfs/cms.cern.ch/slc6_amd64_gcc700/cms/cmssw/CMSSW_10_3_1/src/FWCore/Framework/src/Worker.h:33:0,
                 from /cvmfs/cms.cern.ch/slc6_amd64_gcc700/cms/cmssw/CMSSW_10_3_1/src/FWCore/Framework/src/Factory.h:5,
                 from /cvmfs/cms.cern.ch/slc6_amd64_gcc700/cms/cmssw/CMSSW_10_3_1/src/FWCore/Framework/interface/MakerMacros.h:4,
                 from /home/sanders/PbPb_2018_default/MoveFlatParamsToDB/./EPCalib/HiEvtPlaneFlatten.h:11,
                 from /home/sanders/PbPb_2018_default/MoveFlatParamsToDB/./EPCalib/EPCalib.C:12,
                 from /home/sanders/PbPb_2018_default/MoveFlatParamsToDB/./EPCalib/EPCalib_C_ACLiC_dict.cxx:40:
/cvmfs/cms.cern.ch/slc6_amd64_gcc700/cms/cmssw/CMSSW_10_3_1/src/FWCore/Concurrency/interface/WaitingTaskList.h:177:54: warning: 'cms::thread_guard' scoped attribute directive ignored [-Wattributes]
       CMS_THREAD_GUARD(m_waiting) std::exception_ptr m_exceptionPtr;
                                                      ^~~~~~~~~~~~~~
In file included from /cvmfs/cms.cern.ch/slc6_amd64_gcc700/cms/cmssw/CMSSW_10_3_1/src/FWCore/MessageLogger/interface/MessageLogger.h:136:0,
                 from /cvmfs/cms.cern.ch/slc6_amd64_gcc700/cms/cmssw/CMSSW_10_3_1/src/FWCore/Framework/src/Worker.h:34,
                 from /cvmfs/cms.cern.ch/slc6_amd64_gcc700/cms/cmssw/CMSSW_10_3_1/src/FWCore/Framework/src/Factory.h:5,
                 from /cvmfs/cms.cern.ch/slc6_amd64_gcc700/cms/cmssw/CMSSW_10_3_1/src/FWCore/Framework/interface/MakerMacros.h:4,
                 from /home/sanders/PbPb_2018_default/MoveFlatParamsToDB/./EPCalib/HiEvtPlaneFlatten.h:11,
                 from /home/sanders/PbPb_2018_default/MoveFlatParamsToDB/./EPCalib/EPCalib.C:12,
                 from /home/sanders/PbPb_2018_default/MoveFlatParamsToDB/./EPCalib/EPCalib_C_ACLiC_dict.cxx:40:
/cvmfs/cms.cern.ch/slc6_amd64_gcc700/cms/cmssw/CMSSW_10_3_1/src/FWCore/MessageLogger/interface/MessageDrop.h:110:38: warning: 'cms::thread_safe' scoped attribute directive ignored [-Wattributes]
   CMS_THREAD_SAFE static std::string jobMode;     // change log 6
                                      ^~~~~~~
/cvmfs/cms.cern.ch/slc6_amd64_gcc700/cms/cmssw/CMSSW_10_3_1/src/FWCore/MessageLogger/interface/MessageDrop.h:111:40: warning: 'cms::thread_safe' scoped attribute directive ignored [-Wattributes]
   CMS_THREAD_SAFE static unsigned char messageLoggerScribeIsRunning; // change log 7
                                        ^~~~~~~~~~~~~~~~~~~~~~~~~~~~
/cvmfs/cms.cern.ch/slc6_amd64_gcc700/cms/cmssw/CMSSW_10_3_1/src/FWCore/MessageLogger/interface/MessageDrop.h:112:31: warning: 'cms::thread_safe' scoped attribute directive ignored [-Wattributes]
   CMS_THREAD_SAFE static bool debugAlwaysSuppressed;   // change log 9
                               ^~~~~~~~~~~~~~~~~~~~~
/cvmfs/cms.cern.ch/slc6_amd64_gcc700/cms/cmssw/CMSSW_10_3_1/src/FWCore/MessageLogger/interface/MessageDrop.h:113:31: warning: 'cms::thread_safe' scoped attribute directive ignored [-Wattributes]
   CMS_THREAD_SAFE static bool infoAlwaysSuppressed;   // change log 9
                               ^~~~~~~~~~~~~~~~~~~~
/cvmfs/cms.cern.ch/slc6_amd64_gcc700/cms/cmssw/CMSSW_10_3_1/src/FWCore/MessageLogger/interface/MessageDrop.h:114:31: warning: 'cms::thread_safe' scoped attribute directive ignored [-Wattributes]
   CMS_THREAD_SAFE static bool warningAlwaysSuppressed;   // change log 9
                               ^~~~~~~~~~~~~~~~~~~~~~~
In file included from /cvmfs/cms.cern.ch/slc6_amd64_gcc700/cms/cmssw/CMSSW_10_3_1/src/FWCore/Framework/src/Factory.h:5:0,
                 from /cvmfs/cms.cern.ch/slc6_amd64_gcc700/cms/cmssw/CMSSW_10_3_1/src/FWCore/Framework/interface/MakerMacros.h:4,
                 from /home/sanders/PbPb_2018_default/MoveFlatParamsToDB/./EPCalib/HiEvtPlaneFlatten.h:11,
                 from /home/sanders/PbPb_2018_default/MoveFlatParamsToDB/./EPCalib/EPCalib.C:12,
                 from /home/sanders/PbPb_2018_default/MoveFlatParamsToDB/./EPCalib/EPCalib_C_ACLiC_dict.cxx:40:
/cvmfs/cms.cern.ch/slc6_amd64_gcc700/cms/cmssw/CMSSW_10_3_1/src/FWCore/Framework/src/Worker.h:618:49: warning: 'cms::thread_guard' scoped attribute directive ignored [-Wattributes]
     CMS_THREAD_GUARD(state_) std::exception_ptr cached_exception_; // if state is 'exception'
                                                 ^~~~~~~~~~~~~~~~~
In file included from /cvmfs/cms.cern.ch/slc6_amd64_gcc700/cms/cmssw/CMSSW_10_3_1/src/FWCore/ParameterSet/interface/ParameterDescription.h:21:0,
                 from /cvmfs/cms.cern.ch/slc6_amd64_gcc700/cms/cmssw/CMSSW_10_3_1/src/FWCore/ParameterSet/interface/ParameterSwitch.h:7,
                 from /cvmfs/cms.cern.ch/slc6_amd64_gcc700/cms/cmssw/CMSSW_10_3_1/src/FWCore/ParameterSet/interface/ParameterSetDescription.h:412,
                 from /cvmfs/cms.cern.ch/slc6_amd64_gcc700/cms/cmssw/CMSSW_10_3_1/src/FWCore/ParameterSet/interface/ParameterSetDescriptionFiller.h:28,
                 from /cvmfs/cms.cern.ch/slc6_amd64_gcc700/cms/cmssw/CMSSW_10_3_1/src/FWCore/ParameterSet/interface/ParameterSetDescriptionFillerPluginFactory.h:25,
                 from /cvmfs/cms.cern.ch/slc6_amd64_gcc700/cms/cmssw/CMSSW_10_3_1/src/FWCore/Framework/interface/MakerMacros.h:6,
                 from /home/sanders/PbPb_2018_default/MoveFlatParamsToDB/./EPCalib/HiEvtPlaneFlatten.h:11,
                 from /home/sanders/PbPb_2018_default/MoveFlatParamsToDB/./EPCalib/EPCalib.C:12,
                 from /home/sanders/PbPb_2018_default/MoveFlatParamsToDB/./EPCalib/EPCalib_C_ACLiC_dict.cxx:40:
/cvmfs/cms.cern.ch/slc6_amd64_gcc700/cms/cmssw/CMSSW_10_3_1/src/FWCore/ParameterSet/interface/ParameterDescriptionBase.h:75:10: warning: 'virtual void edm::ParameterDescriptionBase::writeCfi_(std::ostream&, bool&, int, bool&) const' was hidden [-Woverloaded-virtual]
     void writeCfi_(std::ostream & os,
          ^~~~~~~~~
In file included from /cvmfs/cms.cern.ch/slc6_amd64_gcc700/cms/cmssw/CMSSW_10_3_1/src/FWCore/ParameterSet/interface/ParameterSwitch.h:7:0,
                 from /cvmfs/cms.cern.ch/slc6_amd64_gcc700/cms/cmssw/CMSSW_10_3_1/src/FWCore/ParameterSet/interface/ParameterSetDescription.h:412,
                 from /cvmfs/cms.cern.ch/slc6_amd64_gcc700/cms/cmssw/CMSSW_10_3_1/src/FWCore/ParameterSet/interface/ParameterSetDescriptionFiller.h:28,
                 from /cvmfs/cms.cern.ch/slc6_amd64_gcc700/cms/cmssw/CMSSW_10_3_1/src/FWCore/ParameterSet/interface/ParameterSetDescriptionFillerPluginFactory.h:25,
                 from /cvmfs/cms.cern.ch/slc6_amd64_gcc700/cms/cmssw/CMSSW_10_3_1/src/FWCore/Framework/interface/MakerMacros.h:6,
                 from /home/sanders/PbPb_2018_default/MoveFlatParamsToDB/./EPCalib/HiEvtPlaneFlatten.h:11,
                 from /home/sanders/PbPb_2018_default/MoveFlatParamsToDB/./EPCalib/EPCalib.C:12,
                 from /home/sanders/PbPb_2018_default/MoveFlatParamsToDB/./EPCalib/EPCalib_C_ACLiC_dict.cxx:40:
/cvmfs/cms.cern.ch/slc6_amd64_gcc700/cms/cmssw/CMSSW_10_3_1/src/FWCore/ParameterSet/interface/ParameterDescription.h:249:10: warning:   by 'virtual void edm::ParameterDescription<edm::ParameterSetDescription>::writeCfi_(std::ostream&, int) const' [-Woverloaded-virtual]
     void writeCfi_(std::ostream& os, int indentation) const override;
          ^~~~~~~~~
In file included from /cvmfs/cms.cern.ch/slc6_amd64_gcc700/cms/cmssw/CMSSW_10_3_1/src/FWCore/ParameterSet/interface/ParameterDescription.h:21:0,
                 from /cvmfs/cms.cern.ch/slc6_amd64_gcc700/cms/cmssw/CMSSW_10_3_1/src/FWCore/ParameterSet/interface/ParameterSwitch.h:7,
                 from /cvmfs/cms.cern.ch/slc6_amd64_gcc700/cms/cmssw/CMSSW_10_3_1/src/FWCore/ParameterSet/interface/ParameterSetDescription.h:412,
                 from /cvmfs/cms.cern.ch/slc6_amd64_gcc700/cms/cmssw/CMSSW_10_3_1/src/FWCore/ParameterSet/interface/ParameterSetDescriptionFiller.h:28,
                 from /cvmfs/cms.cern.ch/slc6_amd64_gcc700/cms/cmssw/CMSSW_10_3_1/src/FWCore/ParameterSet/interface/ParameterSetDescriptionFillerPluginFactory.h:25,
                 from /cvmfs/cms.cern.ch/slc6_amd64_gcc700/cms/cmssw/CMSSW_10_3_1/src/FWCore/Framework/interface/MakerMacros.h:6,
                 from /home/sanders/PbPb_2018_default/MoveFlatParamsToDB/./EPCalib/HiEvtPlaneFlatten.h:11,
                 from /home/sanders/PbPb_2018_default/MoveFlatParamsToDB/./EPCalib/EPCalib.C:12,
                 from /home/sanders/PbPb_2018_default/MoveFlatParamsToDB/./EPCalib/EPCalib_C_ACLiC_dict.cxx:40:
/cvmfs/cms.cern.ch/slc6_amd64_gcc700/cms/cmssw/CMSSW_10_3_1/src/FWCore/ParameterSet/interface/ParameterDescriptionBase.h:75:10: warning: 'virtual void edm::ParameterDescriptionBase::writeCfi_(std::ostream&, bool&, int, bool&) const' was hidden [-Woverloaded-virtual]
     void writeCfi_(std::ostream & os,
          ^~~~~~~~~
In file included from /cvmfs/cms.cern.ch/slc6_amd64_gcc700/cms/cmssw/CMSSW_10_3_1/src/FWCore/ParameterSet/interface/ParameterSwitch.h:7:0,
                 from /cvmfs/cms.cern.ch/slc6_amd64_gcc700/cms/cmssw/CMSSW_10_3_1/src/FWCore/ParameterSet/interface/ParameterSetDescription.h:412,
                 from /cvmfs/cms.cern.ch/slc6_amd64_gcc700/cms/cmssw/CMSSW_10_3_1/src/FWCore/ParameterSet/interface/ParameterSetDescriptionFiller.h:28,
                 from /cvmfs/cms.cern.ch/slc6_amd64_gcc700/cms/cmssw/CMSSW_10_3_1/src/FWCore/ParameterSet/interface/ParameterSetDescriptionFillerPluginFactory.h:25,
                 from /cvmfs/cms.cern.ch/slc6_amd64_gcc700/cms/cmssw/CMSSW_10_3_1/src/FWCore/Framework/interface/MakerMacros.h:6,
                 from /home/sanders/PbPb_2018_default/MoveFlatParamsToDB/./EPCalib/HiEvtPlaneFlatten.h:11,
                 from /home/sanders/PbPb_2018_default/MoveFlatParamsToDB/./EPCalib/EPCalib.C:12,
                 from /home/sanders/PbPb_2018_default/MoveFlatParamsToDB/./EPCalib/EPCalib_C_ACLiC_dict.cxx:40:
/cvmfs/cms.cern.ch/slc6_amd64_gcc700/cms/cmssw/CMSSW_10_3_1/src/FWCore/ParameterSet/interface/ParameterDescription.h:316:10: warning:   by 'virtual void edm::ParameterDescription<std::vector<edm::ParameterSet> >::writeCfi_(std::ostream&, int) const' [-Woverloaded-virtual]
     void writeCfi_(std::ostream& os, int indentation) const override;
          ^~~~~~~~~
In file included from /cvmfs/cms.cern.ch/slc6_amd64_gcc700/cms/cmssw/CMSSW_10_3_1/src/FWCore/ParameterSet/interface/ParameterDescription.h:21:0,
                 from /cvmfs/cms.cern.ch/slc6_amd64_gcc700/cms/cmssw/CMSSW_10_3_1/src/FWCore/ParameterSet/interface/ParameterSwitch.h:7,
                 from /cvmfs/cms.cern.ch/slc6_amd64_gcc700/cms/cmssw/CMSSW_10_3_1/src/FWCore/ParameterSet/interface/ParameterSetDescription.h:412,
                 from /cvmfs/cms.cern.ch/slc6_amd64_gcc700/cms/cmssw/CMSSW_10_3_1/src/FWCore/ParameterSet/interface/ParameterSetDescriptionFiller.h:28,
                 from /cvmfs/cms.cern.ch/slc6_amd64_gcc700/cms/cmssw/CMSSW_10_3_1/src/FWCore/ParameterSet/interface/ParameterSetDescriptionFillerPluginFactory.h:25,
                 from /cvmfs/cms.cern.ch/slc6_amd64_gcc700/cms/cmssw/CMSSW_10_3_1/src/FWCore/Framework/interface/MakerMacros.h:6,
                 from /home/sanders/PbPb_2018_default/MoveFlatParamsToDB/./EPCalib/HiEvtPlaneFlatten.h:11,
                 from /home/sanders/PbPb_2018_default/MoveFlatParamsToDB/./EPCalib/EPCalib.C:12,
                 from /home/sanders/PbPb_2018_default/MoveFlatParamsToDB/./EPCalib/EPCalib_C_ACLiC_dict.cxx:40:
/cvmfs/cms.cern.ch/slc6_amd64_gcc700/cms/cmssw/CMSSW_10_3_1/src/FWCore/ParameterSet/interface/ParameterDescription.h: In instantiation of 'class edm::ParameterDescription<std::vector<std::__cxx11::basic_string<char> > >':
/cvmfs/cms.cern.ch/slc6_amd64_gcc700/cms/cmssw/CMSSW_10_3_1/src/FWCore/ParameterSet/interface/AllowedLabelsDescriptionBase.h:71:53:   required from here
/cvmfs/cms.cern.ch/slc6_amd64_gcc700/cms/cmssw/CMSSW_10_3_1/src/FWCore/ParameterSet/interface/ParameterDescriptionBase.h:75:10: warning: 'virtual void edm::ParameterDescriptionBase::writeCfi_(std::ostream&, bool&, int, bool&) const' was hidden [-Woverloaded-virtual]
     void writeCfi_(std::ostream & os,
          ^~~~~~~~~
In file included from /cvmfs/cms.cern.ch/slc6_amd64_gcc700/cms/cmssw/CMSSW_10_3_1/src/FWCore/ParameterSet/interface/ParameterSwitch.h:7:0,
                 from /cvmfs/cms.cern.ch/slc6_amd64_gcc700/cms/cmssw/CMSSW_10_3_1/src/FWCore/ParameterSet/interface/ParameterSetDescription.h:412,
                 from /cvmfs/cms.cern.ch/slc6_amd64_gcc700/cms/cmssw/CMSSW_10_3_1/src/FWCore/ParameterSet/interface/ParameterSetDescriptionFiller.h:28,
                 from /cvmfs/cms.cern.ch/slc6_amd64_gcc700/cms/cmssw/CMSSW_10_3_1/src/FWCore/ParameterSet/interface/ParameterSetDescriptionFillerPluginFactory.h:25,
                 from /cvmfs/cms.cern.ch/slc6_amd64_gcc700/cms/cmssw/CMSSW_10_3_1/src/FWCore/Framework/interface/MakerMacros.h:6,
                 from /home/sanders/PbPb_2018_default/MoveFlatParamsToDB/./EPCalib/HiEvtPlaneFlatten.h:11,
                 from /home/sanders/PbPb_2018_default/MoveFlatParamsToDB/./EPCalib/EPCalib.C:12,
                 from /home/sanders/PbPb_2018_default/MoveFlatParamsToDB/./EPCalib/EPCalib_C_ACLiC_dict.cxx:40:
/cvmfs/cms.cern.ch/slc6_amd64_gcc700/cms/cmssw/CMSSW_10_3_1/src/FWCore/ParameterSet/interface/ParameterDescription.h:183:10: warning:   by 'void edm::ParameterDescription<T>::writeCfi_(std::ostream&, int) const [with T = std::vector<std::__cxx11::basic_string<char> >; std::ostream = std::basic_ostream<char>]' [-Woverloaded-virtual]
     void writeCfi_(std::ostream& os, int indentation) const override {
          ^~~~~~~~~
minRun: 1
maxRun: 600000
/rfs/sanders/crab_projects/crab_PbPb2018_MB0/calib_1.root
===============================================
minet_                0.4
maxet_                -1
minpt_                0.3
maxpt_                3
flatminvtx_           -25
flatmaxvtx_           25
flatdelvtx_           5
flatnvtxbins_         10
caloCentRef_  (set    -1
caloCentRefWidth_(set)-1
FlatOrder_            9
NumFlatBins_          40
  reset to ntrkbins:  40
CentBinCompression_   5
===============================================
/rfs/sanders/crab_projects/crab_PbPb2018_MB0/calib_1.root  == evtPlaneCalibTree/0_5/wqcnt_0_0
/rfs/sanders/crab_projects/crab_PbPb2018_MB0/calib_1.root  == evtPlaneCalibTree/0_5/wqcnt_1_0
/rfs/sanders/crab_projects/crab_PbPb2018_MB0/calib_1.root  == evtPlaneCalibTree/0_5/wqcnt_2_0
/rfs/sanders/crab_projects/crab_PbPb2018_MB0/calib_1.root  == evtPlaneCalibTree/0_5/wqcnt_3_0
/rfs/sanders/crab_projects/crab_PbPb2018_MB0/calib_1.root  == evtPlaneCalibTree/0_5/wqcnt_4_0
/rfs/sanders/crab_projects/crab_PbPb2018_MB0/calib_1.root  == evtPlaneCalibTree/0_5/wqcnt_5_0
/rfs/sanders/crab_projects/crab_PbPb2018_MB0/calib_1.root  == evtPlaneCalibTree/0_5/wqcnt_6_0
/rfs/sanders/crab_projects/crab_PbPb2018_MB0/calib_1.root  == evtPlaneCalibTree/0_5/wqcnt_7_0
/rfs/sanders/crab_projects/crab_PbPb2018_MB0/calib_1.root  == evtPlaneCalibTree/0_5/wqcnt_8_0
/rfs/sanders/crab_projects/crab_PbPb2018_MB0/calib_1.root  == evtPlaneCalibTree/0_5/wqcnt_9_0
/rfs/sanders/crab_projects/crab_PbPb2018_MB0/calib_1.root  == evtPlaneCalibTree/5_10/wqcnt_0_1
/rfs/sanders/crab_projects/crab_PbPb2018_MB0/calib_1.root  == evtPlaneCalibTree/5_10/wqcnt_1_1
/rfs/sanders/crab_projects/crab_PbPb2018_MB0/calib_1.root  == evtPlaneCalibTree/5_10/wqcnt_2_1
/rfs/sanders/crab_projects/crab_PbPb2018_MB0/calib_1.root  == evtPlaneCalibTree/5_10/wqcnt_3_1
/rfs/sanders/crab_projects/crab_PbPb2018_MB0/calib_1.root  == evtPlaneCalibTree/5_10/wqcnt_4_1
/rfs/sanders/crab_projects/crab_PbPb2018_MB0/calib_1.root  == evtPlaneCalibTree/5_10/wqcnt_5_1
/rfs/sanders/crab_projects/crab_PbPb2018_MB0/calib_1.root  == evtPlaneCalibTree/5_10/wqcnt_6_1
/rfs/sanders/crab_projects/crab_PbPb2018_MB0/calib_1.root  == evtPlaneCalibTree/5_10/wqcnt_7_1
/rfs/sanders/crab_projects/crab_PbPb2018_MB0/calib_1.root  == evtPlaneCalibTree/5_10/wqcnt_8_1
/rfs/sanders/crab_projects/crab_PbPb2018_MB0/calib_1.root  == evtPlaneCalibTree/5_10/wqcnt_9_1
/rfs/sanders/crab_projects/crab_PbPb2018_MB0/calib_1.root  == evtPlaneCalibTree/10_15/wqcnt_0_2
/rfs/sanders/crab_projects/crab_PbPb2018_MB0/calib_1.root  == evtPlaneCalibTree/10_15/wqcnt_1_2
/rfs/sanders/crab_projects/crab_PbPb2018_MB0/calib_1.root  == evtPlaneCalibTree/10_15/wqcnt_2_2
/rfs/sanders/crab_projects/crab_PbPb2018_MB0/calib_1.root  == evtPlaneCalibTree/10_15/wqcnt_3_2
/rfs/sanders/crab_projects/crab_PbPb2018_MB0/calib_1.root  == evtPlaneCalibTree/10_15/wqcnt_4_2
/rfs/sanders/crab_projects/crab_PbPb2018_MB0/calib_1.root  == evtPlaneCalibTree/10_15/wqcnt_5_2
/rfs/sanders/crab_projects/crab_PbPb2018_MB0/calib_1.root  == evtPlaneCalibTree/10_15/wqcnt_6_2
/rfs/sanders/crab_projects/crab_PbPb2018_MB0/calib_1.root  == evtPlaneCalibTree/10_15/wqcnt_7_2
/rfs/sanders/crab_projects/crab_PbPb2018_MB0/calib_1.root  == evtPlaneCalibTree/10_15/wqcnt_8_2
/rfs/sanders/crab_projects/crab_PbPb2018_MB0/calib_1.root  == evtPlaneCalibTree/10_15/wqcnt_9_2
/rfs/sanders/crab_projects/crab_PbPb2018_MB0/calib_1.root  == evtPlaneCalibTree/15_20/wqcnt_0_3
/rfs/sanders/crab_projects/crab_PbPb2018_MB0/calib_1.root  == evtPlaneCalibTree/15_20/wqcnt_1_3
/rfs/sanders/crab_projects/crab_PbPb2018_MB0/calib_1.root  == evtPlaneCalibTree/15_20/wqcnt_2_3
/rfs/sanders/crab_projects/crab_PbPb2018_MB0/calib_1.root  == evtPlaneCalibTree/15_20/wqcnt_3_3
/rfs/sanders/crab_projects/crab_PbPb2018_MB0/calib_1.root  == evtPlaneCalibTree/15_20/wqcnt_4_3
/rfs/sanders/crab_projects/crab_PbPb2018_MB0/calib_1.root  == evtPlaneCalibTree/15_20/wqcnt_5_3
/rfs/sanders/crab_projects/crab_PbPb2018_MB0/calib_1.root  == evtPlaneCalibTree/15_20/wqcnt_6_3
/rfs/sanders/crab_projects/crab_PbPb2018_MB0/calib_1.root  == evtPlaneCalibTree/15_20/wqcnt_7_3
/rfs/sanders/crab_projects/crab_PbPb2018_MB0/calib_1.root  == evtPlaneCalibTree/15_20/wqcnt_8_3
/rfs/sanders/crab_projects/crab_PbPb2018_MB0/calib_1.root  == evtPlaneCalibTree/15_20/wqcnt_9_3
/rfs/sanders/crab_projects/crab_PbPb2018_MB0/calib_1.root  == evtPlaneCalibTree/20_25/wqcnt_0_4
/rfs/sanders/crab_projects/crab_PbPb2018_MB0/calib_1.root  == evtPlaneCalibTree/20_25/wqcnt_1_4
/rfs/sanders/crab_projects/crab_PbPb2018_MB0/calib_1.root  == evtPlaneCalibTree/20_25/wqcnt_2_4
/rfs/sanders/crab_projects/crab_PbPb2018_MB0/calib_1.root  == evtPlaneCalibTree/20_25/wqcnt_3_4
/rfs/sanders/crab_projects/crab_PbPb2018_MB0/calib_1.root  == evtPlaneCalibTree/20_25/wqcnt_4_4
/rfs/sanders/crab_projects/crab_PbPb2018_MB0/calib_1.root  == evtPlaneCalibTree/20_25/wqcnt_5_4
/rfs/sanders/crab_projects/crab_PbPb2018_MB0/calib_1.root  == evtPlaneCalibTree/20_25/wqcnt_6_4
/rfs/sanders/crab_projects/crab_PbPb2018_MB0/calib_1.root  == evtPlaneCalibTree/20_25/wqcnt_7_4
/rfs/sanders/crab_projects/crab_PbPb2018_MB0/calib_1.root  == evtPlaneCalibTree/20_25/wqcnt_8_4
/rfs/sanders/crab_projects/crab_PbPb2018_MB0/calib_1.root  == evtPlaneCalibTree/20_25/wqcnt_9_4
/rfs/sanders/crab_projects/crab_PbPb2018_MB0/calib_1.root  == evtPlaneCalibTree/25_30/wqcnt_0_5
/rfs/sanders/crab_projects/crab_PbPb2018_MB0/calib_1.root  == evtPlaneCalibTree/25_30/wqcnt_1_5
/rfs/sanders/crab_projects/crab_PbPb2018_MB0/calib_1.root  == evtPlaneCalibTree/25_30/wqcnt_2_5
/rfs/sanders/crab_projects/crab_PbPb2018_MB0/calib_1.root  == evtPlaneCalibTree/25_30/wqcnt_3_5
/rfs/sanders/crab_projects/crab_PbPb2018_MB0/calib_1.root  == evtPlaneCalibTree/25_30/wqcnt_4_5
/rfs/sanders/crab_projects/crab_PbPb2018_MB0/calib_1.root  == evtPlaneCalibTree/25_30/wqcnt_5_5
/rfs/sanders/crab_projects/crab_PbPb2018_MB0/calib_1.root  == evtPlaneCalibTree/25_30/wqcnt_6_5
/rfs/sanders/crab_projects/crab_PbPb2018_MB0/calib_1.root  == evtPlaneCalibTree/25_30/wqcnt_7_5
/rfs/sanders/crab_projects/crab_PbPb2018_MB0/calib_1.root  == evtPlaneCalibTree/25_30/wqcnt_8_5
/rfs/sanders/crab_projects/crab_PbPb2018_MB0/calib_1.root  == evtPlaneCalibTree/25_30/wqcnt_9_5
/rfs/sanders/crab_projects/crab_PbPb2018_MB0/calib_1.root  == evtPlaneCalibTree/30_35/wqcnt_0_6
/rfs/sanders/crab_projects/crab_PbPb2018_MB0/calib_1.root  == evtPlaneCalibTree/30_35/wqcnt_1_6
/rfs/sanders/crab_projects/crab_PbPb2018_MB0/calib_1.root  == evtPlaneCalibTree/30_35/wqcnt_2_6
/rfs/sanders/crab_projects/crab_PbPb2018_MB0/calib_1.root  == evtPlaneCalibTree/30_35/wqcnt_3_6
/rfs/sanders/crab_projects/crab_PbPb2018_MB0/calib_1.root  == evtPlaneCalibTree/30_35/wqcnt_4_6
/rfs/sanders/crab_projects/crab_PbPb2018_MB0/calib_1.root  == evtPlaneCalibTree/30_35/wqcnt_5_6
/rfs/sanders/crab_projects/crab_PbPb2018_MB0/calib_1.root  == evtPlaneCalibTree/30_35/wqcnt_6_6
/rfs/sanders/crab_projects/crab_PbPb2018_MB0/calib_1.root  == evtPlaneCalibTree/30_35/wqcnt_7_6
/rfs/sanders/crab_projects/crab_PbPb2018_MB0/calib_1.root  == evtPlaneCalibTree/30_35/wqcnt_8_6
/rfs/sanders/crab_projects/crab_PbPb2018_MB0/calib_1.root  == evtPlaneCalibTree/30_35/wqcnt_9_6
/rfs/sanders/crab_projects/crab_PbPb2018_MB0/calib_1.root  == evtPlaneCalibTree/35_40/wqcnt_0_7
/rfs/sanders/crab_projects/crab_PbPb2018_MB0/calib_1.root  == evtPlaneCalibTree/35_40/wqcnt_1_7
/rfs/sanders/crab_projects/crab_PbPb2018_MB0/calib_1.root  == evtPlaneCalibTree/35_40/wqcnt_2_7
/rfs/sanders/crab_projects/crab_PbPb2018_MB0/calib_1.root  == evtPlaneCalibTree/35_40/wqcnt_3_7
/rfs/sanders/crab_projects/crab_PbPb2018_MB0/calib_1.root  == evtPlaneCalibTree/35_40/wqcnt_4_7
/rfs/sanders/crab_projects/crab_PbPb2018_MB0/calib_1.root  == evtPlaneCalibTree/35_40/wqcnt_5_7
/rfs/sanders/crab_projects/crab_PbPb2018_MB0/calib_1.root  == evtPlaneCalibTree/35_40/wqcnt_6_7
/rfs/sanders/crab_projects/crab_PbPb2018_MB0/calib_1.root  == evtPlaneCalibTree/35_40/wqcnt_7_7
/rfs/sanders/crab_projects/crab_PbPb2018_MB0/calib_1.root  == evtPlaneCalibTree/35_40/wqcnt_8_7
/rfs/sanders/crab_projects/crab_PbPb2018_MB0/calib_1.root  == evtPlaneCalibTree/35_40/wqcnt_9_7
/rfs/sanders/crab_projects/crab_PbPb2018_MB0/calib_1.root  == evtPlaneCalibTree/40_50/wqcnt_0_8
/rfs/sanders/crab_projects/crab_PbPb2018_MB0/calib_1.root  == evtPlaneCalibTree/40_50/wqcnt_1_8
/rfs/sanders/crab_projects/crab_PbPb2018_MB0/calib_1.root  == evtPlaneCalibTree/40_50/wqcnt_2_8
/rfs/sanders/crab_projects/crab_PbPb2018_MB0/calib_1.root  == evtPlaneCalibTree/40_50/wqcnt_3_8
/rfs/sanders/crab_projects/crab_PbPb2018_MB0/calib_1.root  == evtPlaneCalibTree/40_50/wqcnt_4_8
/rfs/sanders/crab_projects/crab_PbPb2018_MB0/calib_1.root  == evtPlaneCalibTree/40_50/wqcnt_5_8
/rfs/sanders/crab_projects/crab_PbPb2018_MB0/calib_1.root  == evtPlaneCalibTree/40_50/wqcnt_6_8
/rfs/sanders/crab_projects/crab_PbPb2018_MB0/calib_1.root  == evtPlaneCalibTree/40_50/wqcnt_7_8
/rfs/sanders/crab_projects/crab_PbPb2018_MB0/calib_1.root  == evtPlaneCalibTree/40_50/wqcnt_8_8
/rfs/sanders/crab_projects/crab_PbPb2018_MB0/calib_1.root  == evtPlaneCalibTree/40_50/wqcnt_9_8
/rfs/sanders/crab_projects/crab_PbPb2018_MB0/calib_1.root  == evtPlaneCalibTree/50_60/wqcnt_0_9
/rfs/sanders/crab_projects/crab_PbPb2018_MB0/calib_1.root  == evtPlaneCalibTree/50_60/wqcnt_1_9
/rfs/sanders/crab_projects/crab_PbPb2018_MB0/calib_1.root  == evtPlaneCalibTree/50_60/wqcnt_2_9
/rfs/sanders/crab_projects/crab_PbPb2018_MB0/calib_1.root  == evtPlaneCalibTree/50_60/wqcnt_3_9
/rfs/sanders/crab_projects/crab_PbPb2018_MB0/calib_1.root  == evtPlaneCalibTree/50_60/wqcnt_4_9
/rfs/sanders/crab_projects/crab_PbPb2018_MB0/calib_1.root  == evtPlaneCalibTree/50_60/wqcnt_5_9
/rfs/sanders/crab_projects/crab_PbPb2018_MB0/calib_1.root  == evtPlaneCalibTree/50_60/wqcnt_6_9
/rfs/sanders/crab_projects/crab_PbPb2018_MB0/calib_1.root  == evtPlaneCalibTree/50_60/wqcnt_7_9
/rfs/sanders/crab_projects/crab_PbPb2018_MB0/calib_1.root  == evtPlaneCalibTree/50_60/wqcnt_8_9
/rfs/sanders/crab_projects/crab_PbPb2018_MB0/calib_1.root  == evtPlaneCalibTree/50_60/wqcnt_9_9
/rfs/sanders/crab_projects/crab_PbPb2018_MB0/calib_1.root  == evtPlaneCalibTree/60_70/wqcnt_0_10
/rfs/sanders/crab_projects/crab_PbPb2018_MB0/calib_1.root  == evtPlaneCalibTree/60_70/wqcnt_1_10
/rfs/sanders/crab_projects/crab_PbPb2018_MB0/calib_1.root  == evtPlaneCalibTree/60_70/wqcnt_2_10
/rfs/sanders/crab_projects/crab_PbPb2018_MB0/calib_1.root  == evtPlaneCalibTree/60_70/wqcnt_3_10
/rfs/sanders/crab_projects/crab_PbPb2018_MB0/calib_1.root  == evtPlaneCalibTree/60_70/wqcnt_4_10
/rfs/sanders/crab_projects/crab_PbPb2018_MB0/calib_1.root  == evtPlaneCalibTree/60_70/wqcnt_5_10
/rfs/sanders/crab_projects/crab_PbPb2018_MB0/calib_1.root  == evtPlaneCalibTree/60_70/wqcnt_6_10
/rfs/sanders/crab_projects/crab_PbPb2018_MB0/calib_1.root  == evtPlaneCalibTree/60_70/wqcnt_7_10
/rfs/sanders/crab_projects/crab_PbPb2018_MB0/calib_1.root  == evtPlaneCalibTree/60_70/wqcnt_8_10
/rfs/sanders/crab_projects/crab_PbPb2018_MB0/calib_1.root  == evtPlaneCalibTree/60_70/wqcnt_9_10
/rfs/sanders/crab_projects/crab_PbPb2018_MB0/calib_1.root  == evtPlaneCalibTree/70_80/wqcnt_0_11
/rfs/sanders/crab_projects/crab_PbPb2018_MB0/calib_1.root  == evtPlaneCalibTree/70_80/wqcnt_1_11
/rfs/sanders/crab_projects/crab_PbPb2018_MB0/calib_1.root  == evtPlaneCalibTree/70_80/wqcnt_2_11
/rfs/sanders/crab_projects/crab_PbPb2018_MB0/calib_1.root  == evtPlaneCalibTree/70_80/wqcnt_3_11
/rfs/sanders/crab_projects/crab_PbPb2018_MB0/calib_1.root  == evtPlaneCalibTree/70_80/wqcnt_4_11
/rfs/sanders/crab_projects/crab_PbPb2018_MB0/calib_1.root  == evtPlaneCalibTree/70_80/wqcnt_5_11
/rfs/sanders/crab_projects/crab_PbPb2018_MB0/calib_1.root  == evtPlaneCalibTree/70_80/wqcnt_6_11
/rfs/sanders/crab_projects/crab_PbPb2018_MB0/calib_1.root  == evtPlaneCalibTree/70_80/wqcnt_7_11
/rfs/sanders/crab_projects/crab_PbPb2018_MB0/calib_1.root  == evtPlaneCalibTree/70_80/wqcnt_8_11
/rfs/sanders/crab_projects/crab_PbPb2018_MB0/calib_1.root  == evtPlaneCalibTree/70_80/wqcnt_9_11
/rfs/sanders/crab_projects/crab_PbPb2018_MB0/calib_1.root  == evtPlaneCalibTree/80_100/wqcnt_0_12
/rfs/sanders/crab_projects/crab_PbPb2018_MB0/calib_1.root  == evtPlaneCalibTree/80_100/wqcnt_1_12
/rfs/sanders/crab_projects/crab_PbPb2018_MB0/calib_1.root  == evtPlaneCalibTree/80_100/wqcnt_2_12
/rfs/sanders/crab_projects/crab_PbPb2018_MB0/calib_1.root  == evtPlaneCalibTree/80_100/wqcnt_3_12
/rfs/sanders/crab_projects/crab_PbPb2018_MB0/calib_1.root  == evtPlaneCalibTree/80_100/wqcnt_4_12
/rfs/sanders/crab_projects/crab_PbPb2018_MB0/calib_1.root  == evtPlaneCalibTree/80_100/wqcnt_5_12
/rfs/sanders/crab_projects/crab_PbPb2018_MB0/calib_1.root  == evtPlaneCalibTree/80_100/wqcnt_6_12
/rfs/sanders/crab_projects/crab_PbPb2018_MB0/calib_1.root  == evtPlaneCalibTree/80_100/wqcnt_7_12
/rfs/sanders/crab_projects/crab_PbPb2018_MB0/calib_1.root  == evtPlaneCalibTree/80_100/wqcnt_8_12
/rfs/sanders/crab_projects/crab_PbPb2018_MB0/calib_1.root  == evtPlaneCalibTree/80_100/wqcnt_9_12
Loop 0: /rfs/sanders/crab_projects/crab_PbPb2018_MB0/calib_1.root	92625	0
Loop 0: /rfs/sanders/crab_projects/crab_PbPb2018_MB0/calib_10.root	163652	92625
Loop 0: /rfs/sanders/crab_projects/crab_PbPb2018_MB0/calib_100.root	370772	256277
Loop 0: /rfs/sanders/crab_projects/crab_PbPb2018_MB0/calib_101.root	370344	627049
Loop 0: /rfs/sanders/crab_projects/crab_PbPb2018_MB0/calib_102.root	303234	997393
Loop 0: /rfs/sanders/crab_projects/crab_PbPb2018_MB0/calib_103.root	373778	1300627
Loop 0: /rfs/sanders/crab_projects/crab_PbPb2018_MB0/calib_104.root	364946	1674405
Loop 0: /rfs/sanders/crab_projects/crab_PbPb2018_MB0/calib_105.root	373162	2039351
Loop 0: /rfs/sanders/crab_projects/crab_PbPb2018_MB0/calib_106.root	378932	2412513
Loop 0: /rfs/sanders/crab_projects/crab_PbPb2018_MB0/calib_107.root	381804	2791445
Loop 0: /rfs/sanders/crab_projects/crab_PbPb2018_MB0/calib_108.root	378187	3173249
Loop 0: /rfs/sanders/crab_projects/crab_PbPb2018_MB0/calib_109.root	345174	3551436
Loop 0: /rfs/sanders/crab_projects/crab_PbPb2018_MB0/calib_11.root	149897	3896610
Loop 0: /rfs/sanders/crab_projects/crab_PbPb2018_MB0/calib_110.root	375653	4046507
Loop 0: /rfs/sanders/crab_projects/crab_PbPb2018_MB0/calib_111.root	376758	4422160
Loop 0: /rfs/sanders/crab_projects/crab_PbPb2018_MB0/calib_112.root	397636	4798918
Loop 0: /rfs/sanders/crab_projects/crab_PbPb2018_MB0/calib_113.root	391989	5196554
Loop 0: /rfs/sanders/crab_projects/crab_PbPb2018_MB0/calib_114.root	391073	5588543
Loop 0: /rfs/sanders/crab_projects/crab_PbPb2018_MB0/calib_115.root	390723	5979616
Loop 0: /rfs/sanders/crab_projects/crab_PbPb2018_MB0/calib_116.root	386670	6370339
Loop 0: /rfs/sanders/crab_projects/crab_PbPb2018_MB0/calib_117.root	394746	6757009
Loop 0: /rfs/sanders/crab_projects/crab_PbPb2018_MB0/calib_118.root	386013	7151755
Loop 0: /rfs/sanders/crab_projects/crab_PbPb2018_MB0/calib_119.root	343976	7537768
Loop 0: /rfs/sanders/crab_projects/crab_PbPb2018_MB0/calib_12.root	145754	7881744
Loop 0: /rfs/sanders/crab_projects/crab_PbPb2018_MB0/calib_120.root	260578	8027498
Loop 0: /rfs/sanders/crab_projects/crab_PbPb2018_MB0/calib_121.root	170352	8288076
Loop 0: /rfs/sanders/crab_projects/crab_PbPb2018_MB0/calib_13.root	210286	8458428
Loop 0: /rfs/sanders/crab_projects/crab_PbPb2018_MB0/calib_14.root	265562	8668714
Loop 0: /rfs/sanders/crab_projects/crab_PbPb2018_MB0/calib_15.root	259487	8934276
Loop 0: /rfs/sanders/crab_projects/crab_PbPb2018_MB0/calib_16.root	317965	9193763
Loop 0: /rfs/sanders/crab_projects/crab_PbPb2018_MB0/calib_17.root	331749	9511728
Loop 0: /rfs/sanders/crab_projects/crab_PbPb2018_MB0/calib_18.root	301181	9843477
Loop 0: /rfs/sanders/crab_projects/crab_PbPb2018_MB0/calib_19.root	278121	10144658
Loop 0: /rfs/sanders/crab_projects/crab_PbPb2018_MB0/calib_2.root	278902	10422779
Loop 0: /rfs/sanders/crab_projects/crab_PbPb2018_MB0/calib_20.root	243865	10701681
Loop 0: /rfs/sanders/crab_projects/crab_PbPb2018_MB0/calib_21.root	289990	10945546
Loop 0: /rfs/sanders/crab_projects/crab_PbPb2018_MB0/calib_22.root	172156	11235536
Loop 0: /rfs/sanders/crab_projects/crab_PbPb2018_MB0/calib_23.root	242999	11407692
Loop 0: /rfs/sanders/crab_projects/crab_PbPb2018_MB0/calib_24.root	288980	11650691
Loop 0: /rfs/sanders/crab_projects/crab_PbPb2018_MB0/calib_25.root	283809	11939671
Loop 0: /rfs/sanders/crab_projects/crab_PbPb2018_MB0/calib_26.root	316835	12223480
Loop 0: /rfs/sanders/crab_projects/crab_PbPb2018_MB0/calib_27.root	288676	12540315
Loop 0: /rfs/sanders/crab_projects/crab_PbPb2018_MB0/calib_28.root	261418	12828991
Loop 0: /rfs/sanders/crab_projects/crab_PbPb2018_MB0/calib_29.root	246355	13090409
Loop 0: /rfs/sanders/crab_projects/crab_PbPb2018_MB0/calib_3.root	300755	13336764
Loop 0: /rfs/sanders/crab_projects/crab_PbPb2018_MB0/calib_30.root	242852	13637519
Loop 0: /rfs/sanders/crab_projects/crab_PbPb2018_MB0/calib_31.root	199793	13880371
Loop 0: /rfs/sanders/crab_projects/crab_PbPb2018_MB0/calib_32.root	294085	14080164
Loop 0: /rfs/sanders/crab_projects/crab_PbPb2018_MB0/calib_33.root	302745	14374249
Loop 0: /rfs/sanders/crab_projects/crab_PbPb2018_MB0/calib_34.root	280793	14676994
Loop 0: /rfs/sanders/crab_projects/crab_PbPb2018_MB0/calib_35.root	282849	14957787
Loop 0: /rfs/sanders/crab_projects/crab_PbPb2018_MB0/calib_36.root	300978	15240636
Loop 0: /rfs/sanders/crab_projects/crab_PbPb2018_MB0/calib_37.root	316014	15541614
Loop 0: /rfs/sanders/crab_projects/crab_PbPb2018_MB0/calib_38.root	270435	15857628
Loop 0: /rfs/sanders/crab_projects/crab_PbPb2018_MB0/calib_39.root	266689	16128063
Loop 0: /rfs/sanders/crab_projects/crab_PbPb2018_MB0/calib_4.root	255126	16394752
Loop 0: /rfs/sanders/crab_projects/crab_PbPb2018_MB0/calib_40.root	321538	16649878
Loop 0: /rfs/sanders/crab_projects/crab_PbPb2018_MB0/calib_41.root	332866	16971416
Loop 0: /rfs/sanders/crab_projects/crab_PbPb2018_MB0/calib_42.root	262401	17304282
Loop 0: /rfs/sanders/crab_projects/crab_PbPb2018_MB0/calib_43.root	185539	17566683
Loop 0: /rfs/sanders/crab_projects/crab_PbPb2018_MB0/calib_44.root	171644	17752222
Loop 0: /rfs/sanders/crab_projects/crab_PbPb2018_MB0/calib_45.root	157571	17923866
Loop 0: /rfs/sanders/crab_projects/crab_PbPb2018_MB0/calib_46.root	164368	18081437
Loop 0: /rfs/sanders/crab_projects/crab_PbPb2018_MB0/calib_47.root	152837	18245805
Loop 0: /rfs/sanders/crab_projects/crab_PbPb2018_MB0/calib_48.root	40083	18398642
Loop 0: /rfs/sanders/crab_projects/crab_PbPb2018_MB0/calib_49.root	173364	18438725
Loop 0: /rfs/sanders/crab_projects/crab_PbPb2018_MB0/calib_5.root	253041	18612089
Loop 0: /rfs/sanders/crab_projects/crab_PbPb2018_MB0/calib_50.root	175205	18865130
Loop 0: /rfs/sanders/crab_projects/crab_PbPb2018_MB0/calib_51.root	167682	19040335
Loop 0: /rfs/sanders/crab_projects/crab_PbPb2018_MB0/calib_52.root	154769	19208017
Loop 0: /rfs/sanders/crab_projects/crab_PbPb2018_MB0/calib_53.root	148101	19362786
Loop 0: /rfs/sanders/crab_projects/crab_PbPb2018_MB0/calib_54.root	133815	19510887
Loop 0: /rfs/sanders/crab_projects/crab_PbPb2018_MB0/calib_55.root	119290	19644702
Loop 0: /rfs/sanders/crab_projects/crab_PbPb2018_MB0/calib_56.root	124798	19763992
Loop 0: /rfs/sanders/crab_projects/crab_PbPb2018_MB0/calib_57.root	124557	19888790
Loop 0: /rfs/sanders/crab_projects/crab_PbPb2018_MB0/calib_58.root	115085	20013347
Loop 0: /rfs/sanders/crab_projects/crab_PbPb2018_MB0/calib_59.root	108992	20128432
Loop 0: /rfs/sanders/crab_projects/crab_PbPb2018_MB0/calib_6.root	274135	20237424
Loop 0: /rfs/sanders/crab_projects/crab_PbPb2018_MB0/calib_60.root	318855	20511559
Loop 0: /rfs/sanders/crab_projects/crab_PbPb2018_MB0/calib_61.root	341505	20830414
Loop 0: /rfs/sanders/crab_projects/crab_PbPb2018_MB0/calib_62.root	399069	21171919
Loop 0: /rfs/sanders/crab_projects/crab_PbPb2018_MB0/calib_63.root	398892	21570988
Loop 0: /rfs/sanders/crab_projects/crab_PbPb2018_MB0/calib_64.root	398417	21969880
Loop 0: /rfs/sanders/crab_projects/crab_PbPb2018_MB0/calib_65.root	395728	22368297
Loop 0: /rfs/sanders/crab_projects/crab_PbPb2018_MB0/calib_66.root	403095	22764025
Loop 0: /rfs/sanders/crab_projects/crab_PbPb2018_MB0/calib_67.root	385704	23167120
Loop 0: /rfs/sanders/crab_projects/crab_PbPb2018_MB0/calib_68.root	376608	23552824
Loop 0: /rfs/sanders/crab_projects/crab_PbPb2018_MB0/calib_69.root	377627	23929432
Loop 0: /rfs/sanders/crab_projects/crab_PbPb2018_MB0/calib_7.root	69385	24307059
Loop 0: /rfs/sanders/crab_projects/crab_PbPb2018_MB0/calib_70.root	374893	24376444
Loop 0: /rfs/sanders/crab_projects/crab_PbPb2018_MB0/calib_71.root	372532	24751337
Loop 0: /rfs/sanders/crab_projects/crab_PbPb2018_MB0/calib_72.root	350242	25123869
Loop 0: /rfs/sanders/crab_projects/crab_PbPb2018_MB0/calib_73.root	352093	25474111
Loop 0: /rfs/sanders/crab_projects/crab_PbPb2018_MB0/calib_74.root	298011	25826204
Loop 0: /rfs/sanders/crab_projects/crab_PbPb2018_MB0/calib_75.root	411398	26124215
Loop 0: /rfs/sanders/crab_projects/crab_PbPb2018_MB0/calib_76.root	407569	26535613
Loop 0: /rfs/sanders/crab_projects/crab_PbPb2018_MB0/calib_77.root	378866	26943182
Loop 0: /rfs/sanders/crab_projects/crab_PbPb2018_MB0/calib_78.root	405622	27322048
Loop 0: /rfs/sanders/crab_projects/crab_PbPb2018_MB0/calib_79.root	363306	27727670
Loop 0: /rfs/sanders/crab_projects/crab_PbPb2018_MB0/calib_8.root	105822	28090976
Loop 0: /rfs/sanders/crab_projects/crab_PbPb2018_MB0/calib_80.root	337842	28196798
Loop 0: /rfs/sanders/crab_projects/crab_PbPb2018_MB0/calib_81.root	193560	28534640
Loop 0: /rfs/sanders/crab_projects/crab_PbPb2018_MB0/calib_82.root	376639	28728200
Loop 0: /rfs/sanders/crab_projects/crab_PbPb2018_MB0/calib_83.root	360716	29104839
Loop 0: /rfs/sanders/crab_projects/crab_PbPb2018_MB0/calib_84.root	377647	29465555
Loop 0: /rfs/sanders/crab_projects/crab_PbPb2018_MB0/calib_85.root	378771	29843202
Loop 0: /rfs/sanders/crab_projects/crab_PbPb2018_MB0/calib_86.root	369865	30221973
Loop 0: /rfs/sanders/crab_projects/crab_PbPb2018_MB0/calib_87.root	380876	30591838
Loop 0: /rfs/sanders/crab_projects/crab_PbPb2018_MB0/calib_88.root	295550	30972714
Loop 0: /rfs/sanders/crab_projects/crab_PbPb2018_MB0/calib_89.root	380075	31268264
Loop 0: /rfs/sanders/crab_projects/crab_PbPb2018_MB0/calib_9.root	115824	31648339
Loop 0: /rfs/sanders/crab_projects/crab_PbPb2018_MB0/calib_90.root	376279	31764163
Loop 0: /rfs/sanders/crab_projects/crab_PbPb2018_MB0/calib_91.root	374573	32140442
Loop 0: /rfs/sanders/crab_projects/crab_PbPb2018_MB0/calib_92.root	374926	32515015
Loop 0: /rfs/sanders/crab_projects/crab_PbPb2018_MB0/calib_93.root	364652	32889941
Loop 0: /rfs/sanders/crab_projects/crab_PbPb2018_MB0/calib_94.root	354720	33254593
Loop 0: /rfs/sanders/crab_projects/crab_PbPb2018_MB0/calib_95.root	372215	33609313
Loop 0: /rfs/sanders/crab_projects/crab_PbPb2018_MB0/calib_96.root	380083	33981528
Loop 0: /rfs/sanders/crab_projects/crab_PbPb2018_MB0/calib_97.root	378991	34361611
Loop 0: /rfs/sanders/crab_projects/crab_PbPb2018_MB0/calib_98.root	360436	34740602
Loop 0: /rfs/sanders/crab_projects/crab_PbPb2018_MB0/calib_99.root	374773	35101038
Loop 0: /rfs/sanders/crab_projects/crab_PbPb2018_MB0_default/calib_1.root	92625	35475811
Loop 0: /rfs/sanders/crab_projects/crab_PbPb2018_MB0_default/calib_10.root	163652	35568436
Loop 0: /rfs/sanders/crab_projects/crab_PbPb2018_MB0_default/calib_100.root	370772	35732088
Loop 0: /rfs/sanders/crab_projects/crab_PbPb2018_MB0_default/calib_101.root	370344	36102860
Loop 0: /rfs/sanders/crab_projects/crab_PbPb2018_MB0_default/calib_102.root	303234	36473204
Loop 0: /rfs/sanders/crab_projects/crab_PbPb2018_MB0_default/calib_103.root	373778	36776438
Loop 0: /rfs/sanders/crab_projects/crab_PbPb2018_MB0_default/calib_104.root	364946	37150216
Loop 0: /rfs/sanders/crab_projects/crab_PbPb2018_MB0_default/calib_105.root	373162	37515162
Loop 0: /rfs/sanders/crab_projects/crab_PbPb2018_MB0_default/calib_106.root	378932	37888324
Loop 0: /rfs/sanders/crab_projects/crab_PbPb2018_MB0_default/calib_107.root	381804	38267256
Loop 0: /rfs/sanders/crab_projects/crab_PbPb2018_MB0_default/calib_108.root	378187	38649060
Loop 0: /rfs/sanders/crab_projects/crab_PbPb2018_MB0_default/calib_109.root	345174	39027247
Loop 0: /rfs/sanders/crab_projects/crab_PbPb2018_MB0_default/calib_11.root	149897	39372421
Loop 0: /rfs/sanders/crab_projects/crab_PbPb2018_MB0_default/calib_110.root	375653	39522318
Loop 0: /rfs/sanders/crab_projects/crab_PbPb2018_MB0_default/calib_111.root	376758	39897971
Loop 0: /rfs/sanders/crab_projects/crab_PbPb2018_MB0_default/calib_112.root	397636	40274729
Loop 0: /rfs/sanders/crab_projects/crab_PbPb2018_MB0_default/calib_113.root	391989	40672365
Loop 0: /rfs/sanders/crab_projects/crab_PbPb2018_MB0_default/calib_114.root	391073	41064354
Loop 0: /rfs/sanders/crab_projects/crab_PbPb2018_MB0_default/calib_115.root	390723	41455427
Loop 0: /rfs/sanders/crab_projects/crab_PbPb2018_MB0_default/calib_116.root	386670	41846150
Loop 0: /rfs/sanders/crab_projects/crab_PbPb2018_MB0_default/calib_117.root	394746	42232820
Loop 0: /rfs/sanders/crab_projects/crab_PbPb2018_MB0_default/calib_118.root	386013	42627566
Loop 0: /rfs/sanders/crab_projects/crab_PbPb2018_MB0_default/calib_119.root	343976	43013579
Loop 0: /rfs/sanders/crab_projects/crab_PbPb2018_MB0_default/calib_12.root	145754	43357555
Loop 0: /rfs/sanders/crab_projects/crab_PbPb2018_MB0_default/calib_120.root	260578	43503309
Loop 0: /rfs/sanders/crab_projects/crab_PbPb2018_MB0_default/calib_121.root	170352	43763887
Loop 0: /rfs/sanders/crab_projects/crab_PbPb2018_MB0_default/calib_13.root	210286	43934239
Loop 0: /rfs/sanders/crab_projects/crab_PbPb2018_MB0_default/calib_14.root	265562	44144525
Loop 0: /rfs/sanders/crab_projects/crab_PbPb2018_MB0_default/calib_15.root	259487	44410087
Loop 0: /rfs/sanders/crab_projects/crab_PbPb2018_MB0_default/calib_16.root	317965	44669574
Loop 0: /rfs/sanders/crab_projects/crab_PbPb2018_MB0_default/calib_17.root	331749	44987539
Loop 0: /rfs/sanders/crab_projects/crab_PbPb2018_MB0_default/calib_18.root	301181	45319288
Loop 0: /rfs/sanders/crab_projects/crab_PbPb2018_MB0_default/calib_19.root	278121	45620469
Loop 0: /rfs/sanders/crab_projects/crab_PbPb2018_MB0_default/calib_2.root	278902	45898590
Loop 0: /rfs/sanders/crab_projects/crab_PbPb2018_MB0_default/calib_20.root	243865	46177492
Loop 0: /rfs/sanders/crab_projects/crab_PbPb2018_MB0_default/calib_21.root	289990	46421357
Loop 0: /rfs/sanders/crab_projects/crab_PbPb2018_MB0_default/calib_22.root	172156	46711347
Loop 0: /rfs/sanders/crab_projects/crab_PbPb2018_MB0_default/calib_23.root	242999	46883503
Loop 0: /rfs/sanders/crab_projects/crab_PbPb2018_MB0_default/calib_24.root	288980	47126502
Loop 0: /rfs/sanders/crab_projects/crab_PbPb2018_MB0_default/calib_25.root	283809	47415482
Loop 0: /rfs/sanders/crab_projects/crab_PbPb2018_MB0_default/calib_26.root	316835	47699291
Loop 0: /rfs/sanders/crab_projects/crab_PbPb2018_MB0_default/calib_27.root	288676	48016126
Loop 0: /rfs/sanders/crab_projects/crab_PbPb2018_MB0_default/calib_28.root	261418	48304802
Loop 0: /rfs/sanders/crab_projects/crab_PbPb2018_MB0_default/calib_29.root	246355	48566220
Loop 0: /rfs/sanders/crab_projects/crab_PbPb2018_MB0_default/calib_3.root	300755	48812575
Loop 0: /rfs/sanders/crab_projects/crab_PbPb2018_MB0_default/calib_30.root	242852	49113330
Loop 0: /rfs/sanders/crab_projects/crab_PbPb2018_MB0_default/calib_31.root	199793	49356182
Loop 0: /rfs/sanders/crab_projects/crab_PbPb2018_MB0_default/calib_32.root	294085	49555975
Loop 0: /rfs/sanders/crab_projects/crab_PbPb2018_MB0_default/calib_33.root	302745	49850060
Loop 0: /rfs/sanders/crab_projects/crab_PbPb2018_MB0_default/calib_34.root	280793	50152805
Loop 0: /rfs/sanders/crab_projects/crab_PbPb2018_MB0_default/calib_35.root	282849	50433598
Loop 0: /rfs/sanders/crab_projects/crab_PbPb2018_MB0_default/calib_36.root	300978	50716447
Loop 0: /rfs/sanders/crab_projects/crab_PbPb2018_MB0_default/calib_37.root	316014	51017425
Loop 0: /rfs/sanders/crab_projects/crab_PbPb2018_MB0_default/calib_38.root	270435	51333439
Loop 0: /rfs/sanders/crab_projects/crab_PbPb2018_MB0_default/calib_39.root	266689	51603874
Loop 0: /rfs/sanders/crab_projects/crab_PbPb2018_MB0_default/calib_4.root	255126	51870563
Loop 0: /rfs/sanders/crab_projects/crab_PbPb2018_MB0_default/calib_40.root	321538	52125689
Loop 0: /rfs/sanders/crab_projects/crab_PbPb2018_MB0_default/calib_41.root	332866	52447227
Loop 0: /rfs/sanders/crab_projects/crab_PbPb2018_MB0_default/calib_42.root	262401	52780093
Loop 0: /rfs/sanders/crab_projects/crab_PbPb2018_MB0_default/calib_43.root	185539	53042494
Loop 0: /rfs/sanders/crab_projects/crab_PbPb2018_MB0_default/calib_44.root	171644	53228033
Loop 0: /rfs/sanders/crab_projects/crab_PbPb2018_MB0_default/calib_45.root	157571	53399677
Loop 0: /rfs/sanders/crab_projects/crab_PbPb2018_MB0_default/calib_46.root	164368	53557248
Loop 0: /rfs/sanders/crab_projects/crab_PbPb2018_MB0_default/calib_47.root	152837	53721616
Loop 0: /rfs/sanders/crab_projects/crab_PbPb2018_MB0_default/calib_48.root	40083	53874453
Loop 0: /rfs/sanders/crab_projects/crab_PbPb2018_MB0_default/calib_49.root	173364	53914536
Loop 0: /rfs/sanders/crab_projects/crab_PbPb2018_MB0_default/calib_5.root	253041	54087900
Loop 0: /rfs/sanders/crab_projects/crab_PbPb2018_MB0_default/calib_50.root	175205	54340941
Loop 0: /rfs/sanders/crab_projects/crab_PbPb2018_MB0_default/calib_51.root	167682	54516146
Loop 0: /rfs/sanders/crab_projects/crab_PbPb2018_MB0_default/calib_52.root	154769	54683828
Loop 0: /rfs/sanders/crab_projects/crab_PbPb2018_MB0_default/calib_53.root	148101	54838597
Loop 0: /rfs/sanders/crab_projects/crab_PbPb2018_MB0_default/calib_54.root	133815	54986698
Loop 0: /rfs/sanders/crab_projects/crab_PbPb2018_MB0_default/calib_55.root	119290	55120513
Loop 0: /rfs/sanders/crab_projects/crab_PbPb2018_MB0_default/calib_56.root	124798	55239803
Loop 0: /rfs/sanders/crab_projects/crab_PbPb2018_MB0_default/calib_57.root	124557	55364601
Loop 0: /rfs/sanders/crab_projects/crab_PbPb2018_MB0_default/calib_58.root	115085	55489158
Loop 0: /rfs/sanders/crab_projects/crab_PbPb2018_MB0_default/calib_59.root	108992	55604243
Loop 0: /rfs/sanders/crab_projects/crab_PbPb2018_MB0_default/calib_6.root	274135	55713235
Loop 0: /rfs/sanders/crab_projects/crab_PbPb2018_MB0_default/calib_60.root	318855	55987370
Loop 0: /rfs/sanders/crab_projects/crab_PbPb2018_MB0_default/calib_61.root	341505	56306225
Loop 0: /rfs/sanders/crab_projects/crab_PbPb2018_MB0_default/calib_62.root	399069	56647730
Loop 0: /rfs/sanders/crab_projects/crab_PbPb2018_MB0_default/calib_63.root	398892	57046799
Loop 0: /rfs/sanders/crab_projects/crab_PbPb2018_MB0_default/calib_64.root	398417	57445691
Loop 0: /rfs/sanders/crab_projects/crab_PbPb2018_MB0_default/calib_65.root	395728	57844108
Loop 0: /rfs/sanders/crab_projects/crab_PbPb2018_MB0_default/calib_66.root	403095	58239836
Loop 0: /rfs/sanders/crab_projects/crab_PbPb2018_MB0_default/calib_67.root	385704	58642931
Loop 0: /rfs/sanders/crab_projects/crab_PbPb2018_MB0_default/calib_68.root	376608	59028635
Loop 0: /rfs/sanders/crab_projects/crab_PbPb2018_MB0_default/calib_69.root	377627	59405243
Loop 0: /rfs/sanders/crab_projects/crab_PbPb2018_MB0_default/calib_7.root	69385	59782870
Loop 0: /rfs/sanders/crab_projects/crab_PbPb2018_MB0_default/calib_70.root	374893	59852255
Loop 0: /rfs/sanders/crab_projects/crab_PbPb2018_MB0_default/calib_71.root	372532	60227148
Loop 0: /rfs/sanders/crab_projects/crab_PbPb2018_MB0_default/calib_72.root	350242	60599680
Loop 0: /rfs/sanders/crab_projects/crab_PbPb2018_MB0_default/calib_73.root	352093	60949922
Loop 0: /rfs/sanders/crab_projects/crab_PbPb2018_MB0_default/calib_74.root	298011	61302015
Loop 0: /rfs/sanders/crab_projects/crab_PbPb2018_MB0_default/calib_76.root	407569	61600026
Loop 0: /rfs/sanders/crab_projects/crab_PbPb2018_MB0_default/calib_77.root	378866	62007595
Loop 0: /rfs/sanders/crab_projects/crab_PbPb2018_MB0_default/calib_78.root	405622	62386461
Loop 0: /rfs/sanders/crab_projects/crab_PbPb2018_MB0_default/calib_79.root	363306	62792083
Loop 0: /rfs/sanders/crab_projects/crab_PbPb2018_MB0_default/calib_8.root	105822	63155389
Loop 0: /rfs/sanders/crab_projects/crab_PbPb2018_MB0_default/calib_80.root	337842	63261211
Loop 0: /rfs/sanders/crab_projects/crab_PbPb2018_MB0_default/calib_81.root	193560	63599053
Loop 0: /rfs/sanders/crab_projects/crab_PbPb2018_MB0_default/calib_82.root	376639	63792613
Loop 0: /rfs/sanders/crab_projects/crab_PbPb2018_MB0_default/calib_83.root	360716	64169252
Loop 0: /rfs/sanders/crab_projects/crab_PbPb2018_MB0_default/calib_84.root	377647	64529968
Loop 0: /rfs/sanders/crab_projects/crab_PbPb2018_MB0_default/calib_85.root	378771	64907615
Loop 0: /rfs/sanders/crab_projects/crab_PbPb2018_MB0_default/calib_86.root	369865	65286386
Loop 0: /rfs/sanders/crab_projects/crab_PbPb2018_MB0_default/calib_87.root	380876	65656251
Loop 0: /rfs/sanders/crab_projects/crab_PbPb2018_MB0_default/calib_88.root	295550	66037127
Loop 0: /rfs/sanders/crab_projects/crab_PbPb2018_MB0_default/calib_89.root	380075	66332677
Loop 0: /rfs/sanders/crab_projects/crab_PbPb2018_MB0_default/calib_9.root	115824	66712752
Loop 0: /rfs/sanders/crab_projects/crab_PbPb2018_MB0_default/calib_90.root	376279	66828576
Loop 0: /rfs/sanders/crab_projects/crab_PbPb2018_MB0_default/calib_91.root	374573	67204855
Loop 0: /rfs/sanders/crab_projects/crab_PbPb2018_MB0_default/calib_92.root	374926	67579428
Loop 0: /rfs/sanders/crab_projects/crab_PbPb2018_MB0_default/calib_93.root	364652	67954354
Loop 0: /rfs/sanders/crab_projects/crab_PbPb2018_MB0_default/calib_94.root	354720	68319006
Loop 0: /rfs/sanders/crab_projects/crab_PbPb2018_MB0_default/calib_95.root	372215	68673726
Loop 0: /rfs/sanders/crab_projects/crab_PbPb2018_MB0_default/calib_96.root	380083	69045941
Loop 0: /rfs/sanders/crab_projects/crab_PbPb2018_MB0_default/calib_97.root	378991	69426024
Loop 0: /rfs/sanders/crab_projects/crab_PbPb2018_MB0_default/calib_98.root	360436	69805015
Loop 0: /rfs/sanders/crab_projects/crab_PbPb2018_MB0_default/calib_99.root	374773	70165451
Start loop 1
Loop 1: /rfs/sanders/crab_projects/crab_PbPb2018_MB0/calib_1.root	92625	0
Loop 1: /rfs/sanders/crab_projects/crab_PbPb2018_MB0/calib_10.root	163652	92625
Loop 1: /rfs/sanders/crab_projects/crab_PbPb2018_MB0/calib_100.root	370772	256277
Loop 1: /rfs/sanders/crab_projects/crab_PbPb2018_MB0/calib_101.root	370344	627049
Loop 1: /rfs/sanders/crab_projects/crab_PbPb2018_MB0/calib_102.root	303234	997393
Loop 1: /rfs/sanders/crab_projects/crab_PbPb2018_MB0/calib_103.root	373778	1300627
Loop 1: /rfs/sanders/crab_projects/crab_PbPb2018_MB0/calib_104.root	364946	1674405
Loop 1: /rfs/sanders/crab_projects/crab_PbPb2018_MB0/calib_105.root	373162	2039351
Loop 1: /rfs/sanders/crab_projects/crab_PbPb2018_MB0/calib_106.root	378932	2412513
Loop 1: /rfs/sanders/crab_projects/crab_PbPb2018_MB0/calib_107.root	381804	2791445
Loop 1: /rfs/sanders/crab_projects/crab_PbPb2018_MB0/calib_108.root	378187	3173249
Loop 1: /rfs/sanders/crab_projects/crab_PbPb2018_MB0/calib_109.root	345174	3551436
Loop 1: /rfs/sanders/crab_projects/crab_PbPb2018_MB0/calib_11.root	149897	3896610
Loop 1: /rfs/sanders/crab_projects/crab_PbPb2018_MB0/calib_110.root	375653	4046507
Loop 1: /rfs/sanders/crab_projects/crab_PbPb2018_MB0/calib_111.root	376758	4422160
Loop 1: /rfs/sanders/crab_projects/crab_PbPb2018_MB0/calib_112.root	397636	4798918
Loop 1: /rfs/sanders/crab_projects/crab_PbPb2018_MB0/calib_113.root	391989	5196554
Loop 1: /rfs/sanders/crab_projects/crab_PbPb2018_MB0/calib_114.root	391073	5588543
Loop 1: /rfs/sanders/crab_projects/crab_PbPb2018_MB0/calib_115.root	390723	5979616
Loop 1: /rfs/sanders/crab_projects/crab_PbPb2018_MB0/calib_116.root	386670	6370339
Loop 1: /rfs/sanders/crab_projects/crab_PbPb2018_MB0/calib_117.root	394746	6757009
Loop 1: /rfs/sanders/crab_projects/crab_PbPb2018_MB0/calib_118.root	386013	7151755
Loop 1: /rfs/sanders/crab_projects/crab_PbPb2018_MB0/calib_119.root	343976	7537768
Loop 1: /rfs/sanders/crab_projects/crab_PbPb2018_MB0/calib_12.root	145754	7881744
Loop 1: /rfs/sanders/crab_projects/crab_PbPb2018_MB0/calib_120.root	260578	8027498
Loop 1: /rfs/sanders/crab_projects/crab_PbPb2018_MB0/calib_121.root	170352	8288076
Loop 1: /rfs/sanders/crab_projects/crab_PbPb2018_MB0/calib_13.root	210286	8458428
Loop 1: /rfs/sanders/crab_projects/crab_PbPb2018_MB0/calib_14.root	265562	8668714
Loop 1: /rfs/sanders/crab_projects/crab_PbPb2018_MB0/calib_15.root	259487	8934276
Loop 1: /rfs/sanders/crab_projects/crab_PbPb2018_MB0/calib_16.root	317965	9193763
Loop 1: /rfs/sanders/crab_projects/crab_PbPb2018_MB0/calib_17.root	331749	9511728
Loop 1: /rfs/sanders/crab_projects/crab_PbPb2018_MB0/calib_18.root	301181	9843477
Loop 1: /rfs/sanders/crab_projects/crab_PbPb2018_MB0/calib_19.root	278121	10144658
Loop 1: /rfs/sanders/crab_projects/crab_PbPb2018_MB0/calib_2.root	278902	10422779
Loop 1: /rfs/sanders/crab_projects/crab_PbPb2018_MB0/calib_20.root	243865	10701681
Loop 1: /rfs/sanders/crab_projects/crab_PbPb2018_MB0/calib_21.root	289990	10945546
Loop 1: /rfs/sanders/crab_projects/crab_PbPb2018_MB0/calib_22.root	172156	11235536
Loop 1: /rfs/sanders/crab_projects/crab_PbPb2018_MB0/calib_23.root	242999	11407692
Loop 1: /rfs/sanders/crab_projects/crab_PbPb2018_MB0/calib_24.root	288980	11650691
Loop 1: /rfs/sanders/crab_projects/crab_PbPb2018_MB0/calib_25.root	283809	11939671
Loop 1: /rfs/sanders/crab_projects/crab_PbPb2018_MB0/calib_26.root	316835	12223480
Loop 1: /rfs/sanders/crab_projects/crab_PbPb2018_MB0/calib_27.root	288676	12540315
Loop 1: /rfs/sanders/crab_projects/crab_PbPb2018_MB0/calib_28.root	261418	12828991
Loop 1: /rfs/sanders/crab_projects/crab_PbPb2018_MB0/calib_29.root	246355	13090409
Loop 1: /rfs/sanders/crab_projects/crab_PbPb2018_MB0/calib_3.root	300755	13336764
Loop 1: /rfs/sanders/crab_projects/crab_PbPb2018_MB0/calib_30.root	242852	13637519
Loop 1: /rfs/sanders/crab_projects/crab_PbPb2018_MB0/calib_31.root	199793	13880371
Loop 1: /rfs/sanders/crab_projects/crab_PbPb2018_MB0/calib_32.root	294085	14080164
Loop 1: /rfs/sanders/crab_projects/crab_PbPb2018_MB0/calib_33.root	302745	14374249
Loop 1: /rfs/sanders/crab_projects/crab_PbPb2018_MB0/calib_34.root	280793	14676994
Loop 1: /rfs/sanders/crab_projects/crab_PbPb2018_MB0/calib_35.root	282849	14957787
Loop 1: /rfs/sanders/crab_projects/crab_PbPb2018_MB0/calib_36.root	300978	15240636
Loop 1: /rfs/sanders/crab_projects/crab_PbPb2018_MB0/calib_37.root	316014	15541614
Loop 1: /rfs/sanders/crab_projects/crab_PbPb2018_MB0/calib_38.root	270435	15857628
Loop 1: /rfs/sanders/crab_projects/crab_PbPb2018_MB0/calib_39.root	266689	16128063
Loop 1: /rfs/sanders/crab_projects/crab_PbPb2018_MB0/calib_4.root	255126	16394752
Loop 1: /rfs/sanders/crab_projects/crab_PbPb2018_MB0/calib_40.root	321538	16649878
Loop 1: /rfs/sanders/crab_projects/crab_PbPb2018_MB0/calib_41.root	332866	16971416
Loop 1: /rfs/sanders/crab_projects/crab_PbPb2018_MB0/calib_42.root	262401	17304282
Loop 1: /rfs/sanders/crab_projects/crab_PbPb2018_MB0/calib_43.root	185539	17566683
Loop 1: /rfs/sanders/crab_projects/crab_PbPb2018_MB0/calib_44.root	171644	17752222
Loop 1: /rfs/sanders/crab_projects/crab_PbPb2018_MB0/calib_45.root	157571	17923866
Loop 1: /rfs/sanders/crab_projects/crab_PbPb2018_MB0/calib_46.root	164368	18081437
Loop 1: /rfs/sanders/crab_projects/crab_PbPb2018_MB0/calib_47.root	152837	18245805
Loop 1: /rfs/sanders/crab_projects/crab_PbPb2018_MB0/calib_48.root	40083	18398642
Loop 1: /rfs/sanders/crab_projects/crab_PbPb2018_MB0/calib_49.root	173364	18438725
Loop 1: /rfs/sanders/crab_projects/crab_PbPb2018_MB0/calib_5.root	253041	18612089
Loop 1: /rfs/sanders/crab_projects/crab_PbPb2018_MB0/calib_50.root	175205	18865130
Loop 1: /rfs/sanders/crab_projects/crab_PbPb2018_MB0/calib_51.root	167682	19040335
Loop 1: /rfs/sanders/crab_projects/crab_PbPb2018_MB0/calib_52.root	154769	19208017
Loop 1: /rfs/sanders/crab_projects/crab_PbPb2018_MB0/calib_53.root	148101	19362786
Loop 1: /rfs/sanders/crab_projects/crab_PbPb2018_MB0/calib_54.root	133815	19510887
Loop 1: /rfs/sanders/crab_projects/crab_PbPb2018_MB0/calib_55.root	119290	19644702
Loop 1: /rfs/sanders/crab_projects/crab_PbPb2018_MB0/calib_56.root	124798	19763992
Loop 1: /rfs/sanders/crab_projects/crab_PbPb2018_MB0/calib_57.root	124557	19888790
Loop 1: /rfs/sanders/crab_projects/crab_PbPb2018_MB0/calib_58.root	115085	20013347
Loop 1: /rfs/sanders/crab_projects/crab_PbPb2018_MB0/calib_59.root	108992	20128432
Loop 1: /rfs/sanders/crab_projects/crab_PbPb2018_MB0/calib_6.root	274135	20237424
Loop 1: /rfs/sanders/crab_projects/crab_PbPb2018_MB0/calib_60.root	318855	20511559
Loop 1: /rfs/sanders/crab_projects/crab_PbPb2018_MB0/calib_61.root	341505	20830414
Loop 1: /rfs/sanders/crab_projects/crab_PbPb2018_MB0/calib_62.root	399069	21171919
Loop 1: /rfs/sanders/crab_projects/crab_PbPb2018_MB0/calib_63.root	398892	21570988
Loop 1: /rfs/sanders/crab_projects/crab_PbPb2018_MB0/calib_64.root	398417	21969880
Loop 1: /rfs/sanders/crab_projects/crab_PbPb2018_MB0/calib_65.root	395728	22368297
Loop 1: /rfs/sanders/crab_projects/crab_PbPb2018_MB0/calib_66.root	403095	22764025
Loop 1: /rfs/sanders/crab_projects/crab_PbPb2018_MB0/calib_67.root	385704	23167120
Loop 1: /rfs/sanders/crab_projects/crab_PbPb2018_MB0/calib_68.root	376608	23552824
Loop 1: /rfs/sanders/crab_projects/crab_PbPb2018_MB0/calib_69.root	377627	23929432
Loop 1: /rfs/sanders/crab_projects/crab_PbPb2018_MB0/calib_7.root	69385	24307059
Loop 1: /rfs/sanders/crab_projects/crab_PbPb2018_MB0/calib_70.root	374893	24376444
Loop 1: /rfs/sanders/crab_projects/crab_PbPb2018_MB0/calib_71.root	372532	24751337
Loop 1: /rfs/sanders/crab_projects/crab_PbPb2018_MB0/calib_72.root	350242	25123869
Loop 1: /rfs/sanders/crab_projects/crab_PbPb2018_MB0/calib_73.root	352093	25474111
Loop 1: /rfs/sanders/crab_projects/crab_PbPb2018_MB0/calib_74.root	298011	25826204
Loop 1: /rfs/sanders/crab_projects/crab_PbPb2018_MB0/calib_75.root	411398	26124215
Loop 1: /rfs/sanders/crab_projects/crab_PbPb2018_MB0/calib_76.root	407569	26535613
Loop 1: /rfs/sanders/crab_projects/crab_PbPb2018_MB0/calib_77.root	378866	26943182
Loop 1: /rfs/sanders/crab_projects/crab_PbPb2018_MB0/calib_78.root	405622	27322048
Loop 1: /rfs/sanders/crab_projects/crab_PbPb2018_MB0/calib_79.root	363306	27727670
Loop 1: /rfs/sanders/crab_projects/crab_PbPb2018_MB0/calib_8.root	105822	28090976
Loop 1: /rfs/sanders/crab_projects/crab_PbPb2018_MB0/calib_80.root	337842	28196798
Loop 1: /rfs/sanders/crab_projects/crab_PbPb2018_MB0/calib_81.root	193560	28534640
Loop 1: /rfs/sanders/crab_projects/crab_PbPb2018_MB0/calib_82.root	376639	28728200
Loop 1: /rfs/sanders/crab_projects/crab_PbPb2018_MB0/calib_83.root	360716	29104839
Loop 1: /rfs/sanders/crab_projects/crab_PbPb2018_MB0/calib_84.root	377647	29465555
Loop 1: /rfs/sanders/crab_projects/crab_PbPb2018_MB0/calib_85.root	378771	29843202
Loop 1: /rfs/sanders/crab_projects/crab_PbPb2018_MB0/calib_86.root	369865	30221973
Loop 1: /rfs/sanders/crab_projects/crab_PbPb2018_MB0/calib_87.root	380876	30591838
Loop 1: /rfs/sanders/crab_projects/crab_PbPb2018_MB0/calib_88.root	295550	30972714
Loop 1: /rfs/sanders/crab_projects/crab_PbPb2018_MB0/calib_89.root	380075	31268264
Loop 1: /rfs/sanders/crab_projects/crab_PbPb2018_MB0/calib_9.root	115824	31648339
Loop 1: /rfs/sanders/crab_projects/crab_PbPb2018_MB0/calib_90.root	376279	31764163
Loop 1: /rfs/sanders/crab_projects/crab_PbPb2018_MB0/calib_91.root	374573	32140442
Loop 1: /rfs/sanders/crab_projects/crab_PbPb2018_MB0/calib_92.root	374926	32515015
Loop 1: /rfs/sanders/crab_projects/crab_PbPb2018_MB0/calib_93.root	364652	32889941
Loop 1: /rfs/sanders/crab_projects/crab_PbPb2018_MB0/calib_94.root	354720	33254593
Loop 1: /rfs/sanders/crab_projects/crab_PbPb2018_MB0/calib_95.root	372215	33609313
Loop 1: /rfs/sanders/crab_projects/crab_PbPb2018_MB0/calib_96.root	380083	33981528
Loop 1: /rfs/sanders/crab_projects/crab_PbPb2018_MB0/calib_97.root	378991	34361611
Loop 1: /rfs/sanders/crab_projects/crab_PbPb2018_MB0/calib_98.root	360436	34740602
Loop 1: /rfs/sanders/crab_projects/crab_PbPb2018_MB0/calib_99.root	374773	35101038
Loop 1: /rfs/sanders/crab_projects/crab_PbPb2018_MB0_default/calib_1.root	92625	35475811
Loop 1: /rfs/sanders/crab_projects/crab_PbPb2018_MB0_default/calib_10.root	163652	35568436
Loop 1: /rfs/sanders/crab_projects/crab_PbPb2018_MB0_default/calib_100.root	370772	35732088
Loop 1: /rfs/sanders/crab_projects/crab_PbPb2018_MB0_default/calib_101.root	370344	36102860
Loop 1: /rfs/sanders/crab_projects/crab_PbPb2018_MB0_default/calib_102.root	303234	36473204
Loop 1: /rfs/sanders/crab_projects/crab_PbPb2018_MB0_default/calib_103.root	373778	36776438
Loop 1: /rfs/sanders/crab_projects/crab_PbPb2018_MB0_default/calib_104.root	364946	37150216
Loop 1: /rfs/sanders/crab_projects/crab_PbPb2018_MB0_default/calib_105.root	373162	37515162
Loop 1: /rfs/sanders/crab_projects/crab_PbPb2018_MB0_default/calib_106.root	378932	37888324
Loop 1: /rfs/sanders/crab_projects/crab_PbPb2018_MB0_default/calib_107.root	381804	38267256
Loop 1: /rfs/sanders/crab_projects/crab_PbPb2018_MB0_default/calib_108.root	378187	38649060
Loop 1: /rfs/sanders/crab_projects/crab_PbPb2018_MB0_default/calib_109.root	345174	39027247
Loop 1: /rfs/sanders/crab_projects/crab_PbPb2018_MB0_default/calib_11.root	149897	39372421
Loop 1: /rfs/sanders/crab_projects/crab_PbPb2018_MB0_default/calib_110.root	375653	39522318
Loop 1: /rfs/sanders/crab_projects/crab_PbPb2018_MB0_default/calib_111.root	376758	39897971
Loop 1: /rfs/sanders/crab_projects/crab_PbPb2018_MB0_default/calib_112.root	397636	40274729
Loop 1: /rfs/sanders/crab_projects/crab_PbPb2018_MB0_default/calib_113.root	391989	40672365
Loop 1: /rfs/sanders/crab_projects/crab_PbPb2018_MB0_default/calib_114.root	391073	41064354
Loop 1: /rfs/sanders/crab_projects/crab_PbPb2018_MB0_default/calib_115.root	390723	41455427
Loop 1: /rfs/sanders/crab_projects/crab_PbPb2018_MB0_default/calib_116.root	386670	41846150
Loop 1: /rfs/sanders/crab_projects/crab_PbPb2018_MB0_default/calib_117.root	394746	42232820
Loop 1: /rfs/sanders/crab_projects/crab_PbPb2018_MB0_default/calib_118.root	386013	42627566
Loop 1: /rfs/sanders/crab_projects/crab_PbPb2018_MB0_default/calib_119.root	343976	43013579
Loop 1: /rfs/sanders/crab_projects/crab_PbPb2018_MB0_default/calib_12.root	145754	43357555
Loop 1: /rfs/sanders/crab_projects/crab_PbPb2018_MB0_default/calib_120.root	260578	43503309
Loop 1: /rfs/sanders/crab_projects/crab_PbPb2018_MB0_default/calib_121.root	170352	43763887
Loop 1: /rfs/sanders/crab_projects/crab_PbPb2018_MB0_default/calib_13.root	210286	43934239
Loop 1: /rfs/sanders/crab_projects/crab_PbPb2018_MB0_default/calib_14.root	265562	44144525
Loop 1: /rfs/sanders/crab_projects/crab_PbPb2018_MB0_default/calib_15.root	259487	44410087
Loop 1: /rfs/sanders/crab_projects/crab_PbPb2018_MB0_default/calib_16.root	317965	44669574
Loop 1: /rfs/sanders/crab_projects/crab_PbPb2018_MB0_default/calib_17.root	331749	44987539
Loop 1: /rfs/sanders/crab_projects/crab_PbPb2018_MB0_default/calib_18.root	301181	45319288
Loop 1: /rfs/sanders/crab_projects/crab_PbPb2018_MB0_default/calib_19.root	278121	45620469
Loop 1: /rfs/sanders/crab_projects/crab_PbPb2018_MB0_default/calib_2.root	278902	45898590
Loop 1: /rfs/sanders/crab_projects/crab_PbPb2018_MB0_default/calib_20.root	243865	46177492
Loop 1: /rfs/sanders/crab_projects/crab_PbPb2018_MB0_default/calib_21.root	289990	46421357
Loop 1: /rfs/sanders/crab_projects/crab_PbPb2018_MB0_default/calib_22.root	172156	46711347
Loop 1: /rfs/sanders/crab_projects/crab_PbPb2018_MB0_default/calib_23.root	242999	46883503
Loop 1: /rfs/sanders/crab_projects/crab_PbPb2018_MB0_default/calib_24.root	288980	47126502
Loop 1: /rfs/sanders/crab_projects/crab_PbPb2018_MB0_default/calib_25.root	283809	47415482
Loop 1: /rfs/sanders/crab_projects/crab_PbPb2018_MB0_default/calib_26.root	316835	47699291
Loop 1: /rfs/sanders/crab_projects/crab_PbPb2018_MB0_default/calib_27.root	288676	48016126
Loop 1: /rfs/sanders/crab_projects/crab_PbPb2018_MB0_default/calib_28.root	261418	48304802
Loop 1: /rfs/sanders/crab_projects/crab_PbPb2018_MB0_default/calib_29.root	246355	48566220
Loop 1: /rfs/sanders/crab_projects/crab_PbPb2018_MB0_default/calib_3.root	300755	48812575
Loop 1: /rfs/sanders/crab_projects/crab_PbPb2018_MB0_default/calib_30.root	242852	49113330
Loop 1: /rfs/sanders/crab_projects/crab_PbPb2018_MB0_default/calib_31.root	199793	49356182
Loop 1: /rfs/sanders/crab_projects/crab_PbPb2018_MB0_default/calib_32.root	294085	49555975
Loop 1: /rfs/sanders/crab_projects/crab_PbPb2018_MB0_default/calib_33.root	302745	49850060
Loop 1: /rfs/sanders/crab_projects/crab_PbPb2018_MB0_default/calib_34.root	280793	50152805
Loop 1: /rfs/sanders/crab_projects/crab_PbPb2018_MB0_default/calib_35.root	282849	50433598
Loop 1: /rfs/sanders/crab_projects/crab_PbPb2018_MB0_default/calib_36.root	300978	50716447
Loop 1: /rfs/sanders/crab_projects/crab_PbPb2018_MB0_default/calib_37.root	316014	51017425
Loop 1: /rfs/sanders/crab_projects/crab_PbPb2018_MB0_default/calib_38.root	270435	51333439
Loop 1: /rfs/sanders/crab_projects/crab_PbPb2018_MB0_default/calib_39.root	266689	51603874
Loop 1: /rfs/sanders/crab_projects/crab_PbPb2018_MB0_default/calib_4.root	255126	51870563
Loop 1: /rfs/sanders/crab_projects/crab_PbPb2018_MB0_default/calib_40.root	321538	52125689
Loop 1: /rfs/sanders/crab_projects/crab_PbPb2018_MB0_default/calib_41.root	332866	52447227
Loop 1: /rfs/sanders/crab_projects/crab_PbPb2018_MB0_default/calib_42.root	262401	52780093
Loop 1: /rfs/sanders/crab_projects/crab_PbPb2018_MB0_default/calib_43.root	185539	53042494
Loop 1: /rfs/sanders/crab_projects/crab_PbPb2018_MB0_default/calib_44.root	171644	53228033
Loop 1: /rfs/sanders/crab_projects/crab_PbPb2018_MB0_default/calib_45.root	157571	53399677
Loop 1: /rfs/sanders/crab_projects/crab_PbPb2018_MB0_default/calib_46.root	164368	53557248
Loop 1: /rfs/sanders/crab_projects/crab_PbPb2018_MB0_default/calib_47.root	152837	53721616
Loop 1: /rfs/sanders/crab_projects/crab_PbPb2018_MB0_default/calib_48.root	40083	53874453
Loop 1: /rfs/sanders/crab_projects/crab_PbPb2018_MB0_default/calib_49.root	173364	53914536
Loop 1: /rfs/sanders/crab_projects/crab_PbPb2018_MB0_default/calib_5.root	253041	54087900
Loop 1: /rfs/sanders/crab_projects/crab_PbPb2018_MB0_default/calib_50.root	175205	54340941
Loop 1: /rfs/sanders/crab_projects/crab_PbPb2018_MB0_default/calib_51.root	167682	54516146
Loop 1: /rfs/sanders/crab_projects/crab_PbPb2018_MB0_default/calib_52.root	154769	54683828
Loop 1: /rfs/sanders/crab_projects/crab_PbPb2018_MB0_default/calib_53.root	148101	54838597
Loop 1: /rfs/sanders/crab_projects/crab_PbPb2018_MB0_default/calib_54.root	133815	54986698
Loop 1: /rfs/sanders/crab_projects/crab_PbPb2018_MB0_default/calib_55.root	119290	55120513
Loop 1: /rfs/sanders/crab_projects/crab_PbPb2018_MB0_default/calib_56.root	124798	55239803
Loop 1: /rfs/sanders/crab_projects/crab_PbPb2018_MB0_default/calib_57.root	124557	55364601
Loop 1: /rfs/sanders/crab_projects/crab_PbPb2018_MB0_default/calib_58.root	115085	55489158
Loop 1: /rfs/sanders/crab_projects/crab_PbPb2018_MB0_default/calib_59.root	108992	55604243
Loop 1: /rfs/sanders/crab_projects/crab_PbPb2018_MB0_default/calib_6.root	274135	55713235
Loop 1: /rfs/sanders/crab_projects/crab_PbPb2018_MB0_default/calib_60.root	318855	55987370
Loop 1: /rfs/sanders/crab_projects/crab_PbPb2018_MB0_default/calib_61.root	341505	56306225
Loop 1: /rfs/sanders/crab_projects/crab_PbPb2018_MB0_default/calib_62.root	399069	56647730
Loop 1: /rfs/sanders/crab_projects/crab_PbPb2018_MB0_default/calib_63.root	398892	57046799
Loop 1: /rfs/sanders/crab_projects/crab_PbPb2018_MB0_default/calib_64.root	398417	57445691
Loop 1: /rfs/sanders/crab_projects/crab_PbPb2018_MB0_default/calib_65.root	395728	57844108
Loop 1: /rfs/sanders/crab_projects/crab_PbPb2018_MB0_default/calib_66.root	403095	58239836
Loop 1: /rfs/sanders/crab_projects/crab_PbPb2018_MB0_default/calib_67.root	385704	58642931
Loop 1: /rfs/sanders/crab_projects/crab_PbPb2018_MB0_default/calib_68.root	376608	59028635
Loop 1: /rfs/sanders/crab_projects/crab_PbPb2018_MB0_default/calib_69.root	377627	59405243
Loop 1: /rfs/sanders/crab_projects/crab_PbPb2018_MB0_default/calib_7.root	69385	59782870
Loop 1: /rfs/sanders/crab_projects/crab_PbPb2018_MB0_default/calib_70.root	374893	59852255
Loop 1: /rfs/sanders/crab_projects/crab_PbPb2018_MB0_default/calib_71.root	372532	60227148
Loop 1: /rfs/sanders/crab_projects/crab_PbPb2018_MB0_default/calib_72.root	350242	60599680
Loop 1: /rfs/sanders/crab_projects/crab_PbPb2018_MB0_default/calib_73.root	352093	60949922
Loop 1: /rfs/sanders/crab_projects/crab_PbPb2018_MB0_default/calib_74.root	298011	61302015
Loop 1: /rfs/sanders/crab_projects/crab_PbPb2018_MB0_default/calib_76.root	407569	61600026
Loop 1: /rfs/sanders/crab_projects/crab_PbPb2018_MB0_default/calib_77.root	378866	62007595
Loop 1: /rfs/sanders/crab_projects/crab_PbPb2018_MB0_default/calib_78.root	405622	62386461
Loop 1: /rfs/sanders/crab_projects/crab_PbPb2018_MB0_default/calib_79.root	363306	62792083
Loop 1: /rfs/sanders/crab_projects/crab_PbPb2018_MB0_default/calib_8.root	105822	63155389
Loop 1: /rfs/sanders/crab_projects/crab_PbPb2018_MB0_default/calib_80.root	337842	63261211
Loop 1: /rfs/sanders/crab_projects/crab_PbPb2018_MB0_default/calib_81.root	193560	63599053
Loop 1: /rfs/sanders/crab_projects/crab_PbPb2018_MB0_default/calib_82.root	376639	63792613
Loop 1: /rfs/sanders/crab_projects/crab_PbPb2018_MB0_default/calib_83.root	360716	64169252
Loop 1: /rfs/sanders/crab_projects/crab_PbPb2018_MB0_default/calib_84.root	377647	64529968
Loop 1: /rfs/sanders/crab_projects/crab_PbPb2018_MB0_default/calib_85.root	378771	64907615
Loop 1: /rfs/sanders/crab_projects/crab_PbPb2018_MB0_default/calib_86.root	369865	65286386
Loop 1: /rfs/sanders/crab_projects/crab_PbPb2018_MB0_default/calib_87.root	380876	65656251
Loop 1: /rfs/sanders/crab_projects/crab_PbPb2018_MB0_default/calib_88.root	295550	66037127
Loop 1: /rfs/sanders/crab_projects/crab_PbPb2018_MB0_default/calib_89.root	380075	66332677
Loop 1: /rfs/sanders/crab_projects/crab_PbPb2018_MB0_default/calib_9.root	115824	66712752
Loop 1: /rfs/sanders/crab_projects/crab_PbPb2018_MB0_default/calib_90.root	376279	66828576
Loop 1: /rfs/sanders/crab_projects/crab_PbPb2018_MB0_default/calib_91.root	374573	67204855
Loop 1: /rfs/sanders/crab_projects/crab_PbPb2018_MB0_default/calib_92.root	374926	67579428
Loop 1: /rfs/sanders/crab_projects/crab_PbPb2018_MB0_default/calib_93.root	364652	67954354
Loop 1: /rfs/sanders/crab_projects/crab_PbPb2018_MB0_default/calib_94.root	354720	68319006
Loop 1: /rfs/sanders/crab_projects/crab_PbPb2018_MB0_default/calib_95.root	372215	68673726
Loop 1: /rfs/sanders/crab_projects/crab_PbPb2018_MB0_default/calib_96.root	380083	69045941
Loop 1: /rfs/sanders/crab_projects/crab_PbPb2018_MB0_default/calib_97.root	378991	69426024
Loop 1: /rfs/sanders/crab_projects/crab_PbPb2018_MB0_default/calib_98.root	360436	69805015
Loop 1: /rfs/sanders/crab_projects/crab_PbPb2018_MB0_default/calib_99.root	374773	70165451
finish loops
Hbins: 3600
OBins: 400
rm: cannot remove `rpflat_combined.root': No such file or directory
Singletons:
  begin          : 1
                 - for testing
  end            : 600000
                 - for testing
  maxEvents      : -1
                 - Number of events to process (-1 for all)
  output         : output.root
                 - Name of output file (if needed)
  outputFile     : HeavyIonRPRcd_PbPb2018_1_600000.db
                 - for testing
  outputTag      : HeavyIonRPRcd
                 - for testing
  secondaryOutput: 
                 - Name of second output file (if needed)
Lists:
  files          : []
                 - Files to process
  secondaryFiles : []
                 - Second group of files to process (if needed)

 ##################################################################### 
 # WARNING: the module CondCore.DBCommon.CondDBCommon is deprecated. # 
 # Please import CondCore.CondDB.CondDB_cfi                          # 
 ##################################################################### 
Enter MoveFlatParamsToDB
NumEPNames: 29
0	HFm1
1	HFp1
2	HF1
3	trackm1
4	trackp1
5	Castor1
6	HFm2
7	HFp2
8	HF2
9	trackmid2
10	trackm2
11	trackp2
12	Castor2
13	HFm3
14	HFp3
15	HF3
16	trackmid3
17	trackm3
18	trackp3
19	HFm4
20	HFp4
21	HF4
22	trackmid4
23	trackm4
24	trackp4
25	HFm1mc
26	HFp1mc
27	trackm1mc
28	trackp1mc
nRP = 29
Resolution corrections will be added
Begin processing the 1st record. Run 1, Event 1, LumiSection 1 on stream 0 at 01-Dec-2018 12:15:38.543 CST

=============================================

MessageLogger Summary

Severity    # Occurrences   Total Occurrences
--------    -------------   -----------------

dropped waiting message count 0
rm: cannot remove `/rfs/sanders/tmpPbPb2018': No such file or directory
# Running import tool for conditions on release CMSSW_10_3_1
# Connecting to source database on sqlite_file:HeavyIonRPRcd_PbPb2018_1_600000.db
# Opening session on destination database...
# destination tag is HeavyIonRPRcd_PbPb2018_offline
    Loading source iov...
    Iov size:1 timeType:0 payloadObjectType="RPFlatParams"
    Total of iov inserted: 1 payloads: 1
    Flushing changes...
# 1 iov(s) imported. 
